2025-07-19 19:58:10,063	INFO worker.py:1888 -- Started a local Ray instance.
[36m(WorkerDict pid=3485021)[0m You are attempting to use Flash Attention 2.0 with a model not initialized on GPU. Make sure to move the model to GPU after initializing it on CPU with `model.to('cuda')`.
[36m(WorkerDict pid=3485021)[0m [rank0]:[W719 19:59:44.311311108 ProcessGroupNCCL.cpp:4561] [PG ID 0 PG GUID 0 Rank 0]  using GPU 0 to perform barrier as devices used by this process are currently unknown. This can potentially cause a hang if this rank to GPU mapping is incorrect. Specify device_ids in barrier() to force use of a particular device, or call init_process_group() with a device_id.
[36m(WorkerDict pid=3485021)[0m Loading checkpoint shards:   0%|          | 0/3 [00:00<?, ?it/s]
[36m(WorkerDict pid=3485432)[0m You are attempting to use Flash Attention 2.0 with a model not initialized on GPU. Make sure to move the model to GPU after initializing it on CPU with `model.to('cuda')`.[32m [repeated 3x across cluster][0m
[36m(WorkerDict pid=3485432)[0m [rank3]:[W719 19:59:44.305019270 ProcessGroupNCCL.cpp:4561] [PG ID 0 PG GUID 0 Rank 3]  using GPU 0 to perform barrier as devices used by this process are currently unknown. This can potentially cause a hang if this rank to GPU mapping is incorrect. Specify device_ids in barrier() to force use of a particular device, or call init_process_group() with a device_id.[32m [repeated 3x across cluster][0m
[36m(WorkerDict pid=3485021)[0m Loading checkpoint shards:  33%|███▎      | 1/3 [00:00<00:00,  3.64it/s]
[36m(WorkerDict pid=3485021)[0m Loading checkpoint shards: 100%|██████████| 3/3 [00:00<00:00,  3.46it/s]Loading checkpoint shards: 100%|██████████| 3/3 [00:00<00:00,  3.44it/s]
[36m(WorkerDict pid=3485021)[0m Flash Attention 2.0 only supports torch.float16 and torch.bfloat16 dtypes, but the current dype in Qwen2ForCausalLM is torch.float32. You should run training or inference using Automatic Mixed-Precision via the `with torch.autocast(device_type='torch_device'):` decorator, or load the model with the `torch_dtype` argument. Example: `model = AutoModel.from_pretrained("openai/whisper-tiny", attn_implementation="flash_attention_2", torch_dtype=torch.float16)`
[36m(WorkerDict pid=3485432)[0m Loading checkpoint shards:   0%|          | 0/3 [00:00<?, ?it/s][32m [repeated 3x across cluster][0m
[36m(WorkerDict pid=3485432)[0m Loading checkpoint shards:  67%|██████▋   | 2/3 [00:00<00:00,  3.31it/s][32m [repeated 7x across cluster][0m
[36m(WorkerDict pid=3485432)[0m Loading checkpoint shards: 100%|██████████| 3/3 [00:00<00:00,  3.48it/s]Loading checkpoint shards: 100%|██████████| 3/3 [00:00<00:00,  3.47it/s][32m [repeated 3x across cluster][0m
[36m(WorkerDict pid=3485021)[0m Loading safetensors checkpoint shards:   0% Completed | 0/1 [00:00<?, ?it/s]
[36m(WorkerDict pid=3485432)[0m Flash Attention 2.0 only supports torch.float16 and torch.bfloat16 dtypes, but the current dype in Qwen2ForCausalLM is torch.float32. You should run training or inference using Automatic Mixed-Precision via the `with torch.autocast(device_type='torch_device'):` decorator, or load the model with the `torch_dtype` argument. Example: `model = AutoModel.from_pretrained("openai/whisper-tiny", attn_implementation="flash_attention_2", torch_dtype=torch.float16)`[32m [repeated 3x across cluster][0m
[36m(WorkerDict pid=3485021)[0m Loading safetensors checkpoint shards: 100% Completed | 1/1 [00:01<00:00,  1.18s/it]
[36m(WorkerDict pid=3485021)[0m Loading safetensors checkpoint shards: 100% Completed | 1/1 [00:01<00:00,  1.18s/it]
[36m(WorkerDict pid=3485021)[0m 
[36m(WorkerDict pid=3485021)[0m /home/hk-project-p0022560/hgf_sap9939/miniconda3/envs/pure/lib/python3.11/site-packages/torch/distributed/fsdp/fully_sharded_data_parallel.py:690: FutureWarning: FSDP.state_dict_type() and FSDP.set_state_dict_type() are being deprecated. Please use APIs, get_state_dict() and set_state_dict(), which can support different parallelisms, FSDP1, FSDP2, DDP. API doc: https://pytorch.org/docs/stable/distributed.checkpoint.html#torch.distributed.checkpoint.state_dict.get_state_dict .Tutorial: https://pytorch.org/tutorials/recipes/distributed_checkpoint_recipe.html .
[36m(WorkerDict pid=3485021)[0m   warnings.warn(
[36m(main_task pid=3484129)[0m wandb: Currently logged in as: tingxinyang2 (tingxinyang2-technical-university-of-munich) to https://api.wandb.ai. Use `wandb login --relogin` to force relogin
[36m(WorkerDict pid=3485432)[0m /home/hk-project-p0022560/hgf_sap9939/miniconda3/envs/pure/lib/python3.11/site-packages/torch/distributed/fsdp/fully_sharded_data_parallel.py:690: FutureWarning: FSDP.state_dict_type() and FSDP.set_state_dict_type() are being deprecated. Please use APIs, get_state_dict() and set_state_dict(), which can support different parallelisms, FSDP1, FSDP2, DDP. API doc: https://pytorch.org/docs/stable/distributed.checkpoint.html#torch.distributed.checkpoint.state_dict.get_state_dict .Tutorial: https://pytorch.org/tutorials/recipes/distributed_checkpoint_recipe.html .[32m [repeated 3x across cluster][0m
[36m(WorkerDict pid=3485432)[0m   warnings.warn([32m [repeated 3x across cluster][0m
[36m(main_task pid=3484129)[0m wandb: Tracking run with wandb version 0.19.11
[36m(main_task pid=3484129)[0m wandb: Run data is saved locally in /hkfs/home/project/hk-project-p0022560/hgf_sap9939/PURE/wandb/run-20250719_200218-q4zyd9pi
[36m(main_task pid=3484129)[0m wandb: Run `wandb offline` to turn off syncing.
[36m(main_task pid=3484129)[0m wandb: Syncing run Qwen2p5-1.5B-instruct_prompts-128_n-4
[36m(main_task pid=3484129)[0m wandb: ⭐️ View project at https://wandb.ai/tingxinyang2-technical-university-of-munich/pure_verl
[36m(main_task pid=3484129)[0m wandb: 🚀 View run at https://wandb.ai/tingxinyang2-technical-university-of-munich/pure_verl/runs/q4zyd9pi
[36m(main_task pid=3484129)[0m Unhandled error (suppress with 'RAY_IGNORE_UNHANDLED_ERRORS=1'): [36mray::WorkerDict.actor_rollout_save_checkpoint()[39m (pid=3485432, ip=10.0.1.143, actor_id=a8762a897af06a19dbf21b4601000000, repr=<verl.single_controller.ray.base.WorkerDict object at 0x15177fb6b7d0>)
[36m(main_task pid=3484129)[0m   File "/home/hk-project-p0022560/hgf_sap9939/miniconda3/envs/pure/lib/python3.11/site-packages/torch/serialization.py", line 1216, in _save
[36m(main_task pid=3484129)[0m     zip_file.write_record(name, storage, num_bytes)
[36m(main_task pid=3484129)[0m RuntimeError: [enforce fail at inline_container.cc:815] . PytorchStreamWriter failed writing file data/0: file write failed
[36m(main_task pid=3484129)[0m 
[36m(main_task pid=3484129)[0m During handling of the above exception, another exception occurred:
[36m(main_task pid=3484129)[0m 
[36m(main_task pid=3484129)[0m [36mray::WorkerDict.actor_rollout_save_checkpoint()[39m (pid=3485432, ip=10.0.1.143, actor_id=a8762a897af06a19dbf21b4601000000, repr=<verl.single_controller.ray.base.WorkerDict object at 0x15177fb6b7d0>)
[36m(main_task pid=3484129)[0m            ^^^^^^^^^^^^^^^^^^^^^^^^^^^^^^^^^^^^
[36m(main_task pid=3484129)[0m            ^^^^^^^^^^^^^^^^^^^^^^^^^^^^^^^
[36m(main_task pid=3484129)[0m   File "/hkfs/home/project/hk-project-p0022560/hgf_sap9939/PURE/verl/single_controller/ray/base.py", line 399, in func
[36m(main_task pid=3484129)[0m     return getattr(self.worker_dict[key], name)(*args, **kwargs)
[36m(main_task pid=3484129)[0m            ^^^^^^^^^^^^^^^^^^^^^^^^^^^^^^^^^^^^^^^^^^^^^^^^^^^^^
[36m(main_task pid=3484129)[0m   File "/hkfs/home/project/hk-project-p0022560/hgf_sap9939/PURE/verl/single_controller/base/decorator.py", line 404, in inner
[36m(main_task pid=3484129)[0m     return func(*args, **kwargs)
[36m(main_task pid=3484129)[0m            ^^^^^^^^^^^^^^^^^^^^^
[36m(main_task pid=3484129)[0m   File "/hkfs/home/project/hk-project-p0022560/hgf_sap9939/PURE/verl/workers/fsdp_workers.py", line 843, in save_checkpoint
[36m(main_task pid=3484129)[0m     self.checkpoint_manager.save_checkpoint(local_path=local_path,
[36m(main_task pid=3484129)[0m   File "/hkfs/home/project/hk-project-p0022560/hgf_sap9939/PURE/verl/utils/checkpoint/fsdp_checkpoint_manager.py", line 134, in save_checkpoint
[36m(main_task pid=3484129)[0m     torch.save(model_state_dict, model_path)
[36m(main_task pid=3484129)[0m   File "/home/hk-project-p0022560/hgf_sap9939/miniconda3/envs/pure/lib/python3.11/site-packages/torch/serialization.py", line 943, in save
[36m(main_task pid=3484129)[0m     with _open_zipfile_writer(f) as opened_zipfile:
[36m(main_task pid=3484129)[0m   File "/home/hk-project-p0022560/hgf_sap9939/miniconda3/envs/pure/lib/python3.11/site-packages/torch/serialization.py", line 784, in __exit__
[36m(main_task pid=3484129)[0m     self.file_like.write_end_of_file()
[36m(main_task pid=3484129)[0m RuntimeError: [enforce fail at inline_container.cc:626] . unexpected pos 115648 vs 115542
[36m(main_task pid=3484129)[0m Unhandled error (suppress with 'RAY_IGNORE_UNHANDLED_ERRORS=1'): [36mray::WorkerDict.actor_rollout_save_checkpoint()[39m (pid=3485430, ip=10.0.1.143, actor_id=9f5b371384c04e2cc51fdf4d01000000, repr=<verl.single_controller.ray.base.WorkerDict object at 0x14d1f56e01d0>)
[36m(main_task pid=3484129)[0m   File "/home/hk-project-p0022560/hgf_sap9939/miniconda3/envs/pure/lib/python3.11/site-packages/torch/serialization.py", line 1216, in _save
[36m(main_task pid=3484129)[0m     zip_file.write_record(name, storage, num_bytes)
[36m(main_task pid=3484129)[0m RuntimeError: [enforce fail at inline_container.cc:815] . PytorchStreamWriter failed writing file data/0: file write failed
[36m(main_task pid=3484129)[0m 
[36m(main_task pid=3484129)[0m During handling of the above exception, another exception occurred:
[36m(main_task pid=3484129)[0m 
[36m(main_task pid=3484129)[0m [36mray::WorkerDict.actor_rollout_save_checkpoint()[39m (pid=3485430, ip=10.0.1.143, actor_id=9f5b371384c04e2cc51fdf4d01000000, repr=<verl.single_controller.ray.base.WorkerDict object at 0x14d1f56e01d0>)
[36m(main_task pid=3484129)[0m            ^^^^^^^^^^^^^^^^^^^^^^^^^^^^^^^^^^^^
[36m(main_task pid=3484129)[0m            ^^^^^^^^^^^^^^^^^^^^^^^^^^^^^^^
[36m(main_task pid=3484129)[0m   File "/hkfs/home/project/hk-project-p0022560/hgf_sap9939/PURE/verl/single_controller/ray/base.py", line 399, in func
[36m(main_task pid=3484129)[0m     return getattr(self.worker_dict[key], name)(*args, **kwargs)
[36m(main_task pid=3484129)[0m            ^^^^^^^^^^^^^^^^^^^^^^^^^^^^^^^^^^^^^^^^^^^^^^^^^^^^^
[36m(main_task pid=3484129)[0m   File "/hkfs/home/project/hk-project-p0022560/hgf_sap9939/PURE/verl/single_controller/base/decorator.py", line 404, in inner
[36m(main_task pid=3484129)[0m     return func(*args, **kwargs)
[36m(main_task pid=3484129)[0m            ^^^^^^^^^^^^^^^^^^^^^
[36m(main_task pid=3484129)[0m   File "/hkfs/home/project/hk-project-p0022560/hgf_sap9939/PURE/verl/workers/fsdp_workers.py", line 843, in save_checkpoint
[36m(main_task pid=3484129)[0m     self.checkpoint_manager.save_checkpoint(local_path=local_path,
[36m(main_task pid=3484129)[0m   File "/hkfs/home/project/hk-project-p0022560/hgf_sap9939/PURE/verl/utils/checkpoint/fsdp_checkpoint_manager.py", line 134, in save_checkpoint
[36m(main_task pid=3484129)[0m     torch.save(model_state_dict, model_path)
[36m(main_task pid=3484129)[0m   File "/home/hk-project-p0022560/hgf_sap9939/miniconda3/envs/pure/lib/python3.11/site-packages/torch/serialization.py", line 943, in save
[36m(main_task pid=3484129)[0m     with _open_zipfile_writer(f) as opened_zipfile:
[36m(main_task pid=3484129)[0m   File "/home/hk-project-p0022560/hgf_sap9939/miniconda3/envs/pure/lib/python3.11/site-packages/torch/serialization.py", line 784, in __exit__
[36m(main_task pid=3484129)[0m     self.file_like.write_end_of_file()
[36m(main_task pid=3484129)[0m RuntimeError: [enforce fail at inline_container.cc:626] . unexpected pos 115648 vs 115542
[36m(main_task pid=3484129)[0m Unhandled error (suppress with 'RAY_IGNORE_UNHANDLED_ERRORS=1'): [36mray::WorkerDict.actor_rollout_save_checkpoint()[39m (pid=3485021, ip=10.0.1.143, actor_id=ce3a6863800e4669191b2e5f01000000, repr=<verl.single_controller.ray.base.WorkerDict object at 0x14609dc19250>)
[36m(main_task pid=3484129)[0m   File "/home/hk-project-p0022560/hgf_sap9939/miniconda3/envs/pure/lib/python3.11/site-packages/torch/serialization.py", line 1216, in _save
[36m(main_task pid=3484129)[0m     zip_file.write_record(name, storage, num_bytes)
[36m(main_task pid=3484129)[0m RuntimeError: [enforce fail at inline_container.cc:815] . PytorchStreamWriter failed writing file data/0: file write failed
[36m(main_task pid=3484129)[0m 
[36m(main_task pid=3484129)[0m During handling of the above exception, another exception occurred:
[36m(main_task pid=3484129)[0m 
[36m(main_task pid=3484129)[0m [36mray::WorkerDict.actor_rollout_save_checkpoint()[39m (pid=3485021, ip=10.0.1.143, actor_id=ce3a6863800e4669191b2e5f01000000, repr=<verl.single_controller.ray.base.WorkerDict object at 0x14609dc19250>)
[36m(main_task pid=3484129)[0m            ^^^^^^^^^^^^^^^^^^^^^^^^^^^^^^^^^^^^
[36m(main_task pid=3484129)[0m            ^^^^^^^^^^^^^^^^^^^^^^^^^^^^^^^
[36m(main_task pid=3484129)[0m   File "/hkfs/home/project/hk-project-p0022560/hgf_sap9939/PURE/verl/single_controller/ray/base.py", line 399, in func
[36m(main_task pid=3484129)[0m     return getattr(self.worker_dict[key], name)(*args, **kwargs)
[36m(main_task pid=3484129)[0m            ^^^^^^^^^^^^^^^^^^^^^^^^^^^^^^^^^^^^^^^^^^^^^^^^^^^^^
[36m(main_task pid=3484129)[0m   File "/hkfs/home/project/hk-project-p0022560/hgf_sap9939/PURE/verl/single_controller/base/decorator.py", line 404, in inner
[36m(main_task pid=3484129)[0m     return func(*args, **kwargs)
[36m(main_task pid=3484129)[0m            ^^^^^^^^^^^^^^^^^^^^^
[36m(main_task pid=3484129)[0m   File "/hkfs/home/project/hk-project-p0022560/hgf_sap9939/PURE/verl/workers/fsdp_workers.py", line 843, in save_checkpoint
[36m(main_task pid=3484129)[0m     self.checkpoint_manager.save_checkpoint(local_path=local_path,
[36m(main_task pid=3484129)[0m   File "/hkfs/home/project/hk-project-p0022560/hgf_sap9939/PURE/verl/utils/checkpoint/fsdp_checkpoint_manager.py", line 134, in save_checkpoint
[36m(main_task pid=3484129)[0m     torch.save(model_state_dict, model_path)
[36m(main_task pid=3484129)[0m   File "/home/hk-project-p0022560/hgf_sap9939/miniconda3/envs/pure/lib/python3.11/site-packages/torch/serialization.py", line 943, in save
[36m(main_task pid=3484129)[0m     with _open_zipfile_writer(f) as opened_zipfile:
[36m(main_task pid=3484129)[0m   File "/home/hk-project-p0022560/hgf_sap9939/miniconda3/envs/pure/lib/python3.11/site-packages/torch/serialization.py", line 784, in __exit__
[36m(main_task pid=3484129)[0m     self.file_like.write_end_of_file()
[36m(main_task pid=3484129)[0m RuntimeError: [enforce fail at inline_container.cc:626] . unexpected pos 115648 vs 115542
[36m(main_task pid=3484129)[0m wandb: uploading output.log
[36m(main_task pid=3484129)[0m wandb:                                                                                
[36m(main_task pid=3484129)[0m wandb: 
[36m(main_task pid=3484129)[0m wandb: Run history:
[36m(main_task pid=3484129)[0m wandb:                                   actor/avg_ratio ▁▁▁▁▁▁▁▁▁▁▁▁▁▁▂▁▂▁▂▂▃▂▂▂▃▃▂▂█▃▂▂▂▂▂▁▁▁▁▁
[36m(main_task pid=3484129)[0m wandb:                                actor/entropy_loss ▆█▅▅▅▆▄▄▄▃▃▃▃▃▃▃▃▃▂▃▂▂▂▂▂▁▁▁▁▁▁▁▁▁▁▁▁▁▁▁
[36m(main_task pid=3484129)[0m wandb:                                   actor/grad_norm ▁▁▁▁▁▁▁▁▁▁▁▁▁▁▁▁▁▁▁▁▂▁▁▁▁▁▁▁▅▂▂▂█▁▄▁▁▁▁▁
[36m(main_task pid=3484129)[0m wandb:                                          actor/lr ▁▁▁▁▁▁▁▁▁▁▁▁▁▁▁▁▁▁▁▁▁▁▁▁▁▁▁▁▁▁▁▁▁▁▁▁▁▁▁▁
[36m(main_task pid=3484129)[0m wandb:                                 actor/pg_clipfrac ▁▁▁▁▂▂▂▄▂▃▆▄▇▇▆▆▇▇▇██▅▇▇▄▃▃▄▄▃▃▂▃▂▂▂▂▂▂▂
[36m(main_task pid=3484129)[0m wandb:                                     actor/pg_loss ▁▃▅▃▆▇▅▆▄▅▅██▅▂▂▄▇▃▅▅▄▆▇▅▃▃▆▃▃▃▂▄▃▄▄▃▅▄▄
[36m(main_task pid=3484129)[0m wandb:                                      actor/ppo_kl ▂▂▂▂▂▂▂▂▂▂▃▂▃▃▃▃▂▂▃▅▃▃▄▄█▄▃▂▂▁▁▁▁▁▁▁▁▂▂▂
[36m(main_task pid=3484129)[0m wandb:                             critic/advantages/max ▅▄▄▆▄▄▄▄▃▃▁▃▃▄▃▄▅▃▂▂▄▂▆▃▃▂▄▄▅▁▁▄▃▅▆▅▇▄█▆
[36m(main_task pid=3484129)[0m wandb:                            critic/advantages/mean ▅▁▄▂▄▅▃▄▄▅▆▃▄▃▅▆▅▅▄▆▆█▅▂▄▅▅█▃▄▄▄▄▄▅▅▅▅▅▄
[36m(main_task pid=3484129)[0m wandb:                             critic/advantages/min █▆▇▄▆▄▅▂▅▅▃▆▇▅█▇▅▆▃▆▆▇▇▅▇▆▇▅▃▄▇▂▂▆▁▃▂▄▄▄
[36m(main_task pid=3484129)[0m wandb:                                   critic/kl_coeff ▁▁▁▁▁▁▁▁▁▁▁▁▁▁▁▁▁▁▁▁▁▁▁▁▁▁▁▁▁▁▁▁▁▁▁▁▁▁▁▁
[36m(main_task pid=3484129)[0m wandb:                                critic/returns/max ▇▇▅▃▂▅█▇▃▃▅▃▃▅▅▂▂▂▆▃▃▃▅▅▇▁▅▁▁▁▁▂▁▃▃▁▁▁▂▁
[36m(main_task pid=3484129)[0m wandb:                               critic/returns/mean ▄▆▄▄▅▆▃▅▅▆▂▂█▃▄▄▃▃▁▄▅▃▇▃▂▄▂▂▂▂▃▂▂▃▃▃▃▃▃▃
[36m(main_task pid=3484129)[0m wandb:                                critic/returns/min █▇▇▄▇▆▆▃▆▄▅▆▅▄▂▅▇▆▇▃▁▆▅▇▅▇█▆▇▇▇▇█▁█▇█▇▇▇
[36m(main_task pid=3484129)[0m wandb:                                critic/rewards/max ▅▂▄▄▆▃▃▅▃▄▃█▆▂▆▄▃▅▂▃▃▃▂▄▄▂▃▁▄▂▄▁▁▄▂▂▂▂▂▁
[36m(main_task pid=3484129)[0m wandb:                               critic/rewards/mean ▂▂▃▄▃▁▂▂▅▁▃▃▂▅▃▃▂▇▄▃▂▄▃▄▃▃▃▄▄▃▆▄▅▆▄▆▇▆▇█
[36m(main_task pid=3484129)[0m wandb:                                critic/rewards/min ▆▇▄▆▆▆▅▄▆▇▇▇▆▆▇▃▁▄▇▇▆▅▅▇▇█▇▆▇▇▆▇▇▇█▇▇█▇▇
[36m(main_task pid=3484129)[0m wandb:                                  critic/score/max ▅▇▃▄▄▃▃▃█▅▃▄▂▃▃▃▃▄▅▃▃▇▃▁▄▂▂▂▄▃▂▂▂▁▂▂▃▂▂▂
[36m(main_task pid=3484129)[0m wandb:                                 critic/score/mean ▄▃▇▂▂▃▃▄▃▇▃▄▁▃▄▂▃▃▅▄▇▃▂▄▄▃▄▄▄▃▄▄▇▅▇▆█▆▇▇
[36m(main_task pid=3484129)[0m wandb:                                  critic/score/min ▆█▆▇▆▇▆▃▆▄▅▅▆▆▅▆▁▅▇▇▇▅▅▆▆█▇▅█▇▅▇█▆▇█▇██▇
[36m(main_task pid=3484129)[0m wandb:                        global_seqlen/balanced_max ▁▁▁▁▁▁▁▁▁▁▁▁▁▁▁▁▁▁▁▁▁▁▁▁▁▁▂▁▂▂▃▄▄▃▄▆▆▇▇█
[36m(main_task pid=3484129)[0m wandb:                        global_seqlen/balanced_min ▁▁▁▁▁▁▁▁▁▁▁▁▁▁▁▁▁▁▁▁▁▁▁▁▁▂▂▃▂▂▃▄▅▅▆▇▇███
[36m(main_task pid=3484129)[0m wandb:                global_seqlen/balanced_minmax_diff ▁▁▁█▁▁▁▁▁▁▁▁▁▁▁▁▁▁▁▁▁▁▁▁▁▁▁▁▁▁▁▁▁▁▁▁▁▁▁▁
[36m(main_task pid=3484129)[0m wandb:                                 global_seqlen/max ▁▁▁▁▁▁▁▁▁▁▁▁▁▁▁▁▂▁▁▂▁▁▁▂▁▂▂▄▃▃▅▆▆▆▆▆▆███
[36m(main_task pid=3484129)[0m wandb:                                global_seqlen/mean ▁▁▁▁▁▁▁▁▁▁▁▁▁▁▁▁▁▁▁▁▁▁▁▁▁▂▂▃▄▃▄▄▆▆▆▆▇▇██
[36m(main_task pid=3484129)[0m wandb:                                 global_seqlen/min ▁▁▁▁▁▁▁▁▁▁▁▁▁▁▁▁▁▁▁▁▁▁▁▁▁▁▁▂▁▂▃▅▆▆▆▆██▇█
[36m(main_task pid=3484129)[0m wandb:                         global_seqlen/minmax_diff ▂▁▂▁▁▁▂▁▁▂▂▁▂▁▂▁▂▁▂▃▂▂▂▂▂▁▁▂▆▂▄▄▅▄▂▂█▂▃▄
[36m(main_task pid=3484129)[0m wandb:                  group_info/avg_n/whole_batch/max ▁▁▁▁▁▁▁▁▁▁▁▁▁▁▁▁▁▁▁▁▁▁▁▁▁▁▁▁▁▁▁▁▁▁▁▁▁▁▁▁
[36m(main_task pid=3484129)[0m wandb:                 group_info/avg_n/whole_batch/mean ▁▁▁▁▁▁▁▁▁▁▁▁▁▁▁▁▁▁▁▁▁▁▁▁▁▁▁▁▁▁▁▁▁▁▁▁▁▁▁▁
[36m(main_task pid=3484129)[0m wandb:                  group_info/avg_n/whole_batch/min ▁▁▁▁▁▁▁▁▁▁▁▁▁▁▁▁▁▁▁▁▁▁▁▁▁▁▁▁▁▁▁▁▁▁▁▁▁▁▁▁
[36m(main_task pid=3484129)[0m wandb:              group_info/pass_at_n/whole_batch/max ▁▁▁▁▁▁▁▁▁▁▁▁▁▁▁▁▁▁▁▁▁▁▁▁▁▁▁▁▁▁▁▁▁▁▁▁▁▁▁▁
[36m(main_task pid=3484129)[0m wandb:             group_info/pass_at_n/whole_batch/mean ▁▁▁▁▁▁▁▁▁▁▁▁▁▁▁▁▁▁▁▁▁▁▁▁▁▁▁▁▁▁▁▁▁▁▁▁▁▁▁▁
[36m(main_task pid=3484129)[0m wandb:              group_info/pass_at_n/whole_batch/min ▁▁▁▁▁▁▁▁▁▁▁▁▁▁▁▁▁▁▁▁▁▁▁▁▁▁▁▁▁▁▁▁▁▁▁▁▁▁▁▁
[36m(main_task pid=3484129)[0m wandb:   high_level_scores/high_repeatness_ratio/correct ▁▁▁▁▁▁▁▁▁▁▁▁▁▁▁▁▁▁▁▁▁▁▁▁▁▁▁▁▁▁▁▁▁▁▁▁▁▁▁▁
[36m(main_task pid=3484129)[0m wandb: high_level_scores/high_repeatness_ratio/incorrect ▁▁▁▁▁▁▁▁▁▁▁▁▁▁▁▁▁▁▁▁▁▁▁▁▁▂▄▅▇█▇▆▆█▇█▆▇▆▅
[36m(main_task pid=3484129)[0m wandb:     high_level_scores/high_repeatness_ratio/whole ▁▁▁▁▁▁▁▁▁▁▁▁▁▁▁▁▁▁▁▁▂▂▃▃▃▅▇█▇█▆▇█▆▇▇▇▇▆▆
[36m(main_task pid=3484129)[0m wandb:    high_level_scores/reflection_pattern_score/max ▁▁▁▁▂▁▂▁▁▄▁▂▅▁▁▂▁▂▃▁▂▁▁█▁▁▁▃▁▂▁▁▁▁▁▁▁▁▁▁
[36m(main_task pid=3484129)[0m wandb:   high_level_scores/reflection_pattern_score/mean ▄▄▅▆▆▆▇▆▆█▇▇▅▅▆▄▆▅▄▅▅▅▄▇▃▃▂▁▁▁▂▁▂▁▁▁▄▁▁▂
[36m(main_task pid=3484129)[0m wandb:    high_level_scores/reflection_pattern_score/min ▁▁▁▁▁▁▁▁▁▁▁▁▁▁▁▁▁▁▁▁▁▁▁▁▁▁▁▁▁▁▁▁▁▁▁▁▁▁▁▁
[36m(main_task pid=3484129)[0m wandb:                high_level_scores/repeat_score/max ▃▂▁▃▁▇▃▃▄▁▁▂▅▄▅▃▂▇▂▇█▇██████████████████
[36m(main_task pid=3484129)[0m wandb:               high_level_scores/repeat_score/mean ▁▁▁▁▁▁▁▁▁▁▁▁▁▁▁▁▂▂▂▂▄▄▄▄▄▇██▇▇█▇▇▇█▇█▇▇▆
[36m(main_task pid=3484129)[0m wandb:                high_level_scores/repeat_score/min ▁▁▁▁▁▁▁▁▁▁▁▁▁▁▁▁▁▁▁▁▁▁▁▁▁▁▁▁▁▁▄▄▄▃▅▃█▆▆▃
[36m(main_task pid=3484129)[0m wandb:                           instant_rewards/kl/mean ▁▁▁▁▁▁▁▁▁▁▂▃▃▃▄▄▄▄▅▅▅▆▇█▆▇█▇▆▆▅▃▂▂▂▂▂▁▂▁
[36m(main_task pid=3484129)[0m wandb:                instant_rewards/outcome_reward/max ▅▂▆▄▄▄▅▅▇▆▄▃▄▂█▂▇▄▂▅▄▃█▂▁▂▁▂▁▂▁▄▁▁▃▂▁▃▂▂
[36m(main_task pid=3484129)[0m wandb:               instant_rewards/outcome_reward/mean ▃▂▄▅▁▄▃▂▇▅▆▅▄▄▄▅▃▄▃▅▄▃▄▃▃▄▃▃▄▅▃▃▄▆▄▅▇▆▇█
[36m(main_task pid=3484129)[0m wandb:                instant_rewards/outcome_reward/min ▇▆▇▄▆▅▆▇▆▅▇▆▇▅█▄▃▅▆▇▇▁▆▇█▇██▇▇██▃█▇▇▇▇██
[36m(main_task pid=3484129)[0m wandb:             instant_rewards/verifiable_reward/max ▁▁▁▁▁▁▁▁▁▁▁▁▁▁▁▁▁▁▁▁▁▁▁▁▁▁▁▁▁▁▁▁▁▁▁▁▁▁▁▁
[36m(main_task pid=3484129)[0m wandb:            instant_rewards/verifiable_reward/mean ▁▁▁▁▁▁▁▁▁▁▁▁▁▁▁▁▁▁▁▁▁▁▁▁▁▁▁▁▁▁▁▁▁▁▁▁▁▁▁▁
[36m(main_task pid=3484129)[0m wandb:             instant_rewards/verifiable_reward/min ▁▁▁▁▁▁▁▁▁▁▁▁▁▁▁▁▁▁▁▁▁▁▁▁▁▁▁▁▁▁▁▁▁▁▁▁▁▁▁▁
[36m(main_task pid=3484129)[0m wandb:                                         mfu/actor ▂▃▂▂▄▃▃▃▂▄▂▃▂▃▃▃▁▂▂▂▁▂▆▃▂▄▆▆▆▅▆▆▇▇▆▇▆▇█▇
[36m(main_task pid=3484129)[0m wandb:                                  num_of_steps/max ▃▁▁▁▁▁▁▁▁▁▁▁▁▁▁█▇▇██▇▆▅█▅▅▇▄▄▄▅▃▄▃▃▄▃▄▂▃
[36m(main_task pid=3484129)[0m wandb:                                 num_of_steps/mean ▁▁▁▁▁▁▁▁▁▁▁▁▁▁▁▁▁▁▂▂▃▅▅▅▅█▆▇▇▅▃▃▅▃▃▂▁▂▂▂
[36m(main_task pid=3484129)[0m wandb:                                  num_of_steps/min ▁▁▁▁▁▁▁▁▁▁▁▁▁▁▁▁▁▁▁▁▁▁▁▁▁▁▁▁▁▁▁▁▁▁▁▁▁▁▁▁
[36m(main_task pid=3484129)[0m wandb:                          prompt_length/clip_ratio ▁▁▁▁▁▁▁▁▁▁▁▁▁▁▁▁▁▁▁▁▁▁▁▁▁▁▁▁▁▁▁▁▁▁▁▁▁▁▁▁
[36m(main_task pid=3484129)[0m wandb:                                 prompt_length/max ▂▄▄▁▇▄▇▃▆▄▇▄▅█▃▃▄█▃▅▃▄▃▃█▂▅▅▃▂▆▄▄▅▃▃▇▂▆▁
[36m(main_task pid=3484129)[0m wandb:                                prompt_length/mean ▆▂█▇▆▆▂▇█▃▃▂▄▃▇▅▂▄▃▁▃▂▃▆▃▃▄▃▅▃▂▅▅▃▅▂▁█▆▇
[36m(main_task pid=3484129)[0m wandb:                                 prompt_length/min ▆▅▃▃▆▃▃▆▃█▃▃▃▆▅▇▃█▃█▁▆▆▆▆▅▄▃▃▆▆▃▅▆▅▃▅▆▅▄
[36m(main_task pid=3484129)[0m wandb:                response_length/correct/clip_ratio ▁▁▁▁▁▁▁▁▁▁▁▁▁▁▁▁▁▁▁▁▁▁▁▁▁▁▁▁▁▁▁▁▁▁▁▁▁▁▁▁
[36m(main_task pid=3484129)[0m wandb:                       response_length/correct/max ▁▁▁▁▁▁▁▁▁▁▁▁▁▁▁▁▁▁▁▁▁▁▁▁▁▁▁▁▁▁▁▁▁▁▁▁▁▁▁▁
[36m(main_task pid=3484129)[0m wandb:                      response_length/correct/mean ▁▁▁▁▁▁▁▁▁▁▁▁▁▁▁▁▁▁▁▁▁▁▁▁▁▁▁▁▁▁▁▁▁▁▁▁▁▁▁▁
[36m(main_task pid=3484129)[0m wandb:                       response_length/correct/min ▁▁▁▁▁▁▁▁▁▁▁▁▁▁▁▁▁▁▁▁▁▁▁▁▁▁▁▁▁▁▁▁▁▁▁▁▁▁▁▁
[36m(main_task pid=3484129)[0m wandb:              response_length/incorrect/clip_ratio ▁▁▁▁▁▁▁▁▁▁▁▁▁▁▁▁▁▁▁▁▁▂▂▂▂▂▂▃▃▃▃▃▃▄▄▅▅▆▅█
[36m(main_task pid=3484129)[0m wandb:                     response_length/incorrect/max ██▆███▁█████████████████████████████████
[36m(main_task pid=3484129)[0m wandb:                    response_length/incorrect/mean ▁▁▁▁▁▁▁▁▁▁▁▁▁▁▁▁▁▁▁▁▁▁▁▁▂▁▁▂▂▂▃▄▄▇▆▆▇███
[36m(main_task pid=3484129)[0m wandb:                     response_length/incorrect/min █▅▇██▇▇▆▇▆▄▂▅▆▆▃▄▂▂▂▃▂▁▃▃▃▁▁▂▂▄▅▅▄▆▅▇██▃
[36m(main_task pid=3484129)[0m wandb:                  response_length/whole/clip_ratio ▁▁▁▁▁▁▁▁▁▁▁▁▁▁▁▁▁▁▁▁▁▂▂▁▁▂▂▂▂▃▂▄▅▄▄▆▆█▇█
[36m(main_task pid=3484129)[0m wandb:                         response_length/whole/max ▁▇██████████████████████████████████████
[36m(main_task pid=3484129)[0m wandb:                        response_length/whole/mean ▁▁▁▁▁▁▁▁▁▁▁▁▁▁▁▁▁▁▁▁▁▁▁▁▁▁▁▁▁▁▁▂▂▂▂▄▄▆▆█
[36m(main_task pid=3484129)[0m wandb:                         response_length/whole/min ▄▃▄▃▃▅▂▄▄▃▄▅▃▃▃▂▂▁▂▁▁▂▁▂▂▁▁▂▁▂▂▂▃▃▃▃█▄▄▄
[36m(main_task pid=3484129)[0m wandb:                  timing_per_token_ms/update_actor ▂▃▁▂▅▂▂▃▂▂▆▄▃▄▄▅▃▆▃▇▆▃█▆▆▆▅▆█▄▅▅▄▃▁▁▁▁▁▂
[36m(main_task pid=3484129)[0m wandb:                           timing_s/call_reward_fn ▁▁▁▁▁▁▁▁▁▁▁▁▁▁▁▁▁▁▁▁▁▁▂▁▁▁▁▁▂▃▃▃▄▄▆▇▆█▇█
[36m(main_task pid=3484129)[0m wandb:               timing_s/compute_additional_metrics ▁▁▁▁▁▁▁▁▁▁▁▁▂▁▂▂▄▂▁▁▁▂▂▂▂▁▂▁▂▂▃▂▃▄▄▆████
[36m(main_task pid=3484129)[0m wandb:                        timing_s/compute_advantage ▄▄▃▅▄▃▂▆▃▄▄█▅▄▄▇▄█▄▅▆▆▅▄▅▆▄▇▆▇▄▄▅▆▁▃▃▇▅▆
[36m(main_task pid=3484129)[0m wandb:                     timing_s/compute_old_log_prob ▂▁▁▁▁▁▁▁▁▁▁▁▁▁▁▁▁▁▁▁▁▁▂▁▁▁▁▁▂▂▂▃▂▄▆▇▆▆▆█
[36m(main_task pid=3484129)[0m wandb:                     timing_s/compute_ref_log_prob ▁▁▁▁▁▁▁▁▁▁▁▁▁▁▁▁▁▁▁▁▁▁▁▁▁▂▃▃▄▃▃▃▄▄▆▆▇▆▆█
[36m(main_task pid=3484129)[0m wandb:                         timing_s/compute_rm_score ▃▂▂▂▂▃▃▁█▂▁▂▁▁▂▁▂▂▂▂▂▁▂▃▅▂▂▂▁▂▁▁▂▂▂▂▂▂▂▂
[36m(main_task pid=3484129)[0m wandb:                                  timing_s/rollout ▂▁▁▁▂▁▂▂▂▂▂▂▂▂▂▂▃▂▂▂▃▃▃▂▂▂▃▃▃▄▄▆▇███████
[36m(main_task pid=3484129)[0m wandb:                          timing_s/save_checkpoint █▁
[36m(main_task pid=3484129)[0m wandb:                                     timing_s/step ▁▂▂▁▂▂▂▂▂▁▂▂▂▂▁▂▂▂▂▂▂▂▂▂▃▂▃▄▄▃▆▆▇███████
[36m(main_task pid=3484129)[0m wandb:                             timing_s/update_actor ▁▁▁▁▁▁▁▁▁▁▁▁▁▁▁▁▁▁▁▁▁▁▁▂▂▁▁▂▁▂▃▃▄▄▄▆▆▆▇█
[36m(main_task pid=3484129)[0m wandb: 
[36m(main_task pid=3484129)[0m wandb: Run summary:
[36m(main_task pid=3484129)[0m wandb:                                   actor/avg_ratio 1.00187
[36m(main_task pid=3484129)[0m wandb:                                actor/entropy_loss 0.04918
[36m(main_task pid=3484129)[0m wandb:                                   actor/grad_norm 0.84969
[36m(main_task pid=3484129)[0m wandb:                                          actor/lr 0.0
[36m(main_task pid=3484129)[0m wandb:                                 actor/pg_clipfrac 0.00159
[36m(main_task pid=3484129)[0m wandb:                                     actor/pg_loss 0.03616
[36m(main_task pid=3484129)[0m wandb:                                      actor/ppo_kl -0.00045
[36m(main_task pid=3484129)[0m wandb:                             critic/advantages/max 11.71678
[36m(main_task pid=3484129)[0m wandb:                            critic/advantages/mean -0.0
[36m(main_task pid=3484129)[0m wandb:                             critic/advantages/min -8.90981
[36m(main_task pid=3484129)[0m wandb:                                   critic/kl_coeff 0.005
[36m(main_task pid=3484129)[0m wandb:                                critic/returns/max 501.69714
[36m(main_task pid=3484129)[0m wandb:                               critic/returns/mean 9.17579
[36m(main_task pid=3484129)[0m wandb:                                critic/returns/min -473.58066
[36m(main_task pid=3484129)[0m wandb:                                critic/rewards/max 496.72321
[36m(main_task pid=3484129)[0m wandb:                               critic/rewards/mean 27.33703
[36m(main_task pid=3484129)[0m wandb:                                critic/rewards/min -473.58075
[36m(main_task pid=3484129)[0m wandb:                                  critic/score/max 498.40833
[36m(main_task pid=3484129)[0m wandb:                                 critic/score/mean 28.90029
[36m(main_task pid=3484129)[0m wandb:                                  critic/score/min -471.74686
[36m(main_task pid=3484129)[0m wandb:                        global_seqlen/balanced_max 699579
[36m(main_task pid=3484129)[0m wandb:                        global_seqlen/balanced_min 699578
[36m(main_task pid=3484129)[0m wandb:                global_seqlen/balanced_minmax_diff 1
[36m(main_task pid=3484129)[0m wandb:                                 global_seqlen/max 730832
[36m(main_task pid=3484129)[0m wandb:                                global_seqlen/mean 699578.75
[36m(main_task pid=3484129)[0m wandb:                                 global_seqlen/min 666413
[36m(main_task pid=3484129)[0m wandb:                         global_seqlen/minmax_diff 64419
[36m(main_task pid=3484129)[0m wandb:                  group_info/avg_n/whole_batch/max 0
[36m(main_task pid=3484129)[0m wandb:                 group_info/avg_n/whole_batch/mean 0
[36m(main_task pid=3484129)[0m wandb:                  group_info/avg_n/whole_batch/min 0
[36m(main_task pid=3484129)[0m wandb:              group_info/pass_at_n/whole_batch/max 0
[36m(main_task pid=3484129)[0m wandb:             group_info/pass_at_n/whole_batch/mean 0
[36m(main_task pid=3484129)[0m wandb:              group_info/pass_at_n/whole_batch/min 0
[36m(main_task pid=3484129)[0m wandb:   high_level_scores/high_repeatness_ratio/correct 0
[36m(main_task pid=3484129)[0m wandb: high_level_scores/high_repeatness_ratio/incorrect 0.36719
[36m(main_task pid=3484129)[0m wandb:     high_level_scores/high_repeatness_ratio/whole 0.36719
[36m(main_task pid=3484129)[0m wandb:    high_level_scores/reflection_pattern_score/max 4
[36m(main_task pid=3484129)[0m wandb:   high_level_scores/reflection_pattern_score/mean 0.06641
[36m(main_task pid=3484129)[0m wandb:    high_level_scores/reflection_pattern_score/min 0
[36m(main_task pid=3484129)[0m wandb:                high_level_scores/repeat_score/max 0.9666
[36m(main_task pid=3484129)[0m wandb:               high_level_scores/repeat_score/mean 0.21626
[36m(main_task pid=3484129)[0m wandb:                high_level_scores/repeat_score/min 0.00118
[36m(main_task pid=3484129)[0m wandb:                           instant_rewards/kl/mean 0.13787
[36m(main_task pid=3484129)[0m wandb:                instant_rewards/outcome_reward/max 996.81665
[36m(main_task pid=3484129)[0m wandb:               instant_rewards/outcome_reward/mean 57.80057
[36m(main_task pid=3484129)[0m wandb:                instant_rewards/outcome_reward/min -943.49371
[36m(main_task pid=3484129)[0m wandb:             instant_rewards/verifiable_reward/max 0
[36m(main_task pid=3484129)[0m wandb:            instant_rewards/verifiable_reward/mean 0
[36m(main_task pid=3484129)[0m wandb:             instant_rewards/verifiable_reward/min 0
[36m(main_task pid=3484129)[0m wandb:                                         mfu/actor 0.36355
[36m(main_task pid=3484129)[0m wandb:                                  num_of_steps/max 881
[36m(main_task pid=3484129)[0m wandb:                                 num_of_steps/mean 14.11133
[36m(main_task pid=3484129)[0m wandb:                                  num_of_steps/min 1
[36m(main_task pid=3484129)[0m wandb:                          prompt_length/clip_ratio 0
[36m(main_task pid=3484129)[0m wandb:                                 prompt_length/max 507
[36m(main_task pid=3484129)[0m wandb:                                prompt_length/mean 115.24219
[36m(main_task pid=3484129)[0m wandb:                                 prompt_length/min 48
[36m(main_task pid=3484129)[0m wandb:                response_length/correct/clip_ratio 0
[36m(main_task pid=3484129)[0m wandb:                       response_length/correct/max 0
[36m(main_task pid=3484129)[0m wandb:                      response_length/correct/mean 0
[36m(main_task pid=3484129)[0m wandb:                       response_length/correct/min 0
[36m(main_task pid=3484129)[0m wandb:              response_length/incorrect/clip_ratio 0.50977
[36m(main_task pid=3484129)[0m wandb:                     response_length/incorrect/max 7168
[36m(main_task pid=3484129)[0m wandb:                    response_length/incorrect/mean 5350.2168
[36m(main_task pid=3484129)[0m wandb:                     response_length/incorrect/min 46
[36m(main_task pid=3484129)[0m wandb:                  response_length/whole/clip_ratio 0.50977
[36m(main_task pid=3484129)[0m wandb:                         response_length/whole/max 7168
[36m(main_task pid=3484129)[0m wandb:                        response_length/whole/mean 5350.2168
[36m(main_task pid=3484129)[0m wandb:                         response_length/whole/min 46
[36m(main_task pid=3484129)[0m wandb:                  timing_per_token_ms/update_actor 0.03082
[36m(main_task pid=3484129)[0m wandb:                           timing_s/call_reward_fn 0.78243
[36m(main_task pid=3484129)[0m wandb:               timing_s/compute_additional_metrics 5.75531
[36m(main_task pid=3484129)[0m wandb:                        timing_s/compute_advantage 0.32156
[36m(main_task pid=3484129)[0m wandb:                     timing_s/compute_old_log_prob 21.56629
[36m(main_task pid=3484129)[0m wandb:                     timing_s/compute_ref_log_prob 22.39006
[36m(main_task pid=3484129)[0m wandb:                         timing_s/compute_rm_score 1e-05
[36m(main_task pid=3484129)[0m wandb:                                  timing_s/rollout 373.68248
[36m(main_task pid=3484129)[0m wandb:                          timing_s/save_checkpoint 4.46049
[36m(main_task pid=3484129)[0m wandb:                                     timing_s/step 510.78686
[36m(main_task pid=3484129)[0m wandb:                             timing_s/update_actor 86.23127
[36m(main_task pid=3484129)[0m wandb: 
[36m(main_task pid=3484129)[0m wandb: 🚀 View run Qwen2p5-1.5B-instruct_prompts-128_n-4 at: https://wandb.ai/tingxinyang2-technical-university-of-munich/pure_verl/runs/q4zyd9pi
[36m(main_task pid=3484129)[0m wandb: ⭐️ View project at: https://wandb.ai/tingxinyang2-technical-university-of-munich/pure_verl
[36m(main_task pid=3484129)[0m wandb: Synced 5 W&B file(s), 0 media file(s), 0 artifact file(s) and 0 other file(s)
[36m(main_task pid=3484129)[0m wandb: Find logs at: ./wandb/run-20250719_200218-q4zyd9pi/logs
Error executing job with overrides: []
Traceback (most recent call last):
  File "/hkfs/home/project/hk-project-p0022560/hgf_sap9939/PURE/verl/trainer/main_ppo.py", line 26, in main
    run_ppo(config)
  File "/hkfs/home/project/hk-project-p0022560/hgf_sap9939/PURE/verl/trainer/main_ppo.py", line 48, in run_ppo
    ray.get(main_task.remote(config, compute_score))
  File "/home/hk-project-p0022560/hgf_sap9939/miniconda3/envs/pure/lib/python3.11/site-packages/ray/_private/auto_init_hook.py", line 21, in auto_init_wrapper
    return fn(*args, **kwargs)
           ^^^^^^^^^^^^^^^^^^^
  File "/home/hk-project-p0022560/hgf_sap9939/miniconda3/envs/pure/lib/python3.11/site-packages/ray/_private/client_mode_hook.py", line 103, in wrapper
    return func(*args, **kwargs)
           ^^^^^^^^^^^^^^^^^^^^^
  File "/home/hk-project-p0022560/hgf_sap9939/miniconda3/envs/pure/lib/python3.11/site-packages/ray/_private/worker.py", line 2822, in get
    values, debugger_breakpoint = worker.get_objects(object_refs, timeout=timeout)
                                  ^^^^^^^^^^^^^^^^^^^^^^^^^^^^^^^^^^^^^^^^^^^^^^^^
  File "/home/hk-project-p0022560/hgf_sap9939/miniconda3/envs/pure/lib/python3.11/site-packages/ray/_private/worker.py", line 930, in get_objects
    raise value.as_instanceof_cause()
ray.exceptions.RayTaskError(RuntimeError): [36mray::main_task()[39m (pid=3484129, ip=10.0.1.143)
  File "/hkfs/home/project/hk-project-p0022560/hgf_sap9939/PURE/verl/trainer/main_ppo.py", line 200, in main_task
    trainer.fit()
  File "/hkfs/home/project/hk-project-p0022560/hgf_sap9939/PURE/verl/trainer/ppo/ray_trainer.py", line 1313, in fit
    self._save_checkpoint()
  File "/hkfs/home/project/hk-project-p0022560/hgf_sap9939/PURE/verl/trainer/ppo/ray_trainer.py", line 985, in _save_checkpoint
    self.actor_rollout_wg.save_checkpoint(actor_local_path,
  File "/hkfs/home/project/hk-project-p0022560/hgf_sap9939/PURE/verl/single_controller/ray/base.py", line 42, in func
    output = ray.get(output)
             ^^^^^^^^^^^^^^^
           ^^^^^^^^^^^^^^^^^^^
           ^^^^^^^^^^^^^^^^^^^^^
                                  ^^^^^^^^^^^^^^^^^^^^^^^^^^^^^^^^^^^^^^^^^^^^^^^^
ray.exceptions.RayTaskError(RuntimeError): [36mray::WorkerDict.actor_rollout_save_checkpoint()[39m (pid=3485431, ip=10.0.1.143, actor_id=0859047d03ac40d8ad7a9b2101000000, repr=<verl.single_controller.ray.base.WorkerDict object at 0x147516df0d50>)
  File "/home/hk-project-p0022560/hgf_sap9939/miniconda3/envs/pure/lib/python3.11/site-packages/torch/serialization.py", line 1216, in _save
    zip_file.write_record(name, storage, num_bytes)
RuntimeError: [enforce fail at inline_container.cc:815] . PytorchStreamWriter failed writing file data/0: file write failed

During handling of the above exception, another exception occurred:

[36mray::WorkerDict.actor_rollout_save_checkpoint()[39m (pid=3485431, ip=10.0.1.143, actor_id=0859047d03ac40d8ad7a9b2101000000, repr=<verl.single_controller.ray.base.WorkerDict object at 0x147516df0d50>)
           ^^^^^^^^^^^^^^^^^^^^^^^^^^^^^^^^^^^^
           ^^^^^^^^^^^^^^^^^^^^^^^^^^^^^^^
  File "/hkfs/home/project/hk-project-p0022560/hgf_sap9939/PURE/verl/single_controller/ray/base.py", line 399, in func
    return getattr(self.worker_dict[key], name)(*args, **kwargs)
           ^^^^^^^^^^^^^^^^^^^^^^^^^^^^^^^^^^^^^^^^^^^^^^^^^^^^^
  File "/hkfs/home/project/hk-project-p0022560/hgf_sap9939/PURE/verl/single_controller/base/decorator.py", line 404, in inner
    return func(*args, **kwargs)
           ^^^^^^^^^^^^^^^^^^^^^
  File "/hkfs/home/project/hk-project-p0022560/hgf_sap9939/PURE/verl/workers/fsdp_workers.py", line 843, in save_checkpoint
    self.checkpoint_manager.save_checkpoint(local_path=local_path,
  File "/hkfs/home/project/hk-project-p0022560/hgf_sap9939/PURE/verl/utils/checkpoint/fsdp_checkpoint_manager.py", line 134, in save_checkpoint
    torch.save(model_state_dict, model_path)
  File "/home/hk-project-p0022560/hgf_sap9939/miniconda3/envs/pure/lib/python3.11/site-packages/torch/serialization.py", line 943, in save
    with _open_zipfile_writer(f) as opened_zipfile:
  File "/home/hk-project-p0022560/hgf_sap9939/miniconda3/envs/pure/lib/python3.11/site-packages/torch/serialization.py", line 784, in __exit__
    self.file_like.write_end_of_file()
RuntimeError: [enforce fail at inline_container.cc:626] . unexpected pos 115648 vs 115542

Set the environment variable HYDRA_FULL_ERROR=1 for a complete stack trace.
Exception ignored in: <_io.TextIOWrapper name='<stdout>' mode='w' encoding='utf-8'>
OSError: [Errno 122] Disk quota exceeded
